<?xml version="1.0" encoding="UTF-8"?>
<testsuite xmlns:xsi="http://www.w3.org/2001/XMLSchema-instance" xsi:noNamespaceSchemaLocation="https://maven.apache.org/surefire/maven-surefire-plugin/xsd/surefire-test-report-3.0.xsd" version="3.0" name="common_objective.Algo10Test" time="0" tests="2" errors="0" skipped="0" failures="0">
  <properties>
[...]
</properties>
  <testcase name="algo10_test1_F" classname="common_objective.Algo10Test" time="0"/>
  <testcase name="algo10_test1_T" classname="common_objective.Algo10Test" time="0"/>
</testsuite>