<?xml version="1.0" encoding="UTF-8" ?>
<testsuite tests="5" failures="0" name="playground_test.AdderWithCapTest" time="0.003" errors="0" skipped="0">
  <properties>
[...]
</properties>
  <testcase classname="playground_test.AdderWithCapTest" name="add_correct" time="0.002"/>
  <testcase classname="playground_test.AdderWithCapTest" name="getCap_correct" time="0"/>
  <testcase classname="playground_test.AdderWithCapTest" name="add_over_cap" time="0"/>
  <testcase classname="playground_test.AdderWithCapTest" name="input_negative_exception" time="0.001"/>
  <testcase classname="playground_test.AdderWithCapTest" name="setCap_correct" time="0"/>
</testsuite>